             transpose_blocked n= 400, m=10000:   18ms (1740.678652 MiB/s)
    transpose_blocked_parallel n= 400, m=10000:   11ms (2671.356629 MiB/s)
             transpose_blocked n= 800, m=10000:   24ms (2588.319251 MiB/s)
    transpose_blocked_parallel n= 800, m=10000:   21ms (2884.322870 MiB/s)
             transpose_blocked n=1200, m=10000:   35ms (2621.034480 MiB/s)
    transpose_blocked_parallel n=1200, m=10000:   27ms (3438.342073 MiB/s)
             transpose_blocked n=1600, m=10000:   46ms (2631.336089 MiB/s)
    transpose_blocked_parallel n=1600, m=10000:   28ms (4292.506945 MiB/s)
             transpose_blocked n=2000, m=10000:   65ms (2334.076095 MiB/s)
    transpose_blocked_parallel n=2000, m=10000:   42ms (3601.574117 MiB/s)
             transpose_blocked n=2400, m=10000:   70ms (2625.695032 MiB/s)
    transpose_blocked_parallel n=2400, m=10000:   36ms (5121.688030 MiB/s)
             transpose_blocked n=2800, m=10000:   82ms (2611.113721 MiB/s)
    transpose_blocked_parallel n=2800, m=10000:   42ms (5089.292362 MiB/s)
             transpose_blocked n=3200, m=10000:  111ms (2202.958069 MiB/s)
    transpose_blocked_parallel n=3200, m=10000:   51ms (4747.970148 MiB/s)
             transpose_blocked n=3600, m=10000:  106ms (2594.836021 MiB/s)
    transpose_blocked_parallel n=3600, m=10000:   50ms (5486.251386 MiB/s)
             transpose_blocked n=4000, m=10000:  117ms (2602.379006 MiB/s)
    transpose_blocked_parallel n=4000, m=10000:   55ms (5533.458709 MiB/s)
             transpose_blocked n=4400, m=10000:  130ms (2577.577316 MiB/s)
    transpose_blocked_parallel n=4400, m=10000:   61ms (5542.329564 MiB/s)
             transpose_blocked n=4800, m=10000:  141ms (2596.522504 MiB/s)
    transpose_blocked_parallel n=4800, m=10000:   68ms (5353.021948 MiB/s)
             transpose_blocked n=5200, m=10000:  154ms (2576.008646 MiB/s)
    transpose_blocked_parallel n=5200, m=10000:   73ms (5463.376055 MiB/s)
             transpose_blocked n=5600, m=10000:  162ms (2630.679912 MiB/s)
    transpose_blocked_parallel n=5600, m=10000:   70ms (6062.120006 MiB/s)
             transpose_blocked n=6000, m=10000:  176ms (2598.125160 MiB/s)
    transpose_blocked_parallel n=6000, m=10000:   74ms (6194.114879 MiB/s)
             transpose_blocked n=6400, m=10000:  419ms (1164.570812 MiB/s)
    transpose_blocked_parallel n=6400, m=10000:   92ms (5297.041115 MiB/s)
             transpose_blocked n=6800, m=10000:  202ms (2569.150456 MiB/s)
    transpose_blocked_parallel n=6800, m=10000:   96ms (5404.942680 MiB/s)
             transpose_blocked n=7200, m=10000:  211ms (2605.222650 MiB/s)
    transpose_blocked_parallel n=7200, m=10000:   97ms (5648.672003 MiB/s)
             transpose_blocked n=7600, m=10000:  223ms (2600.887176 MiB/s)
    transpose_blocked_parallel n=7600, m=10000:  101ms (5743.318849 MiB/s)
             transpose_blocked n=8000, m=10000:  232ms (2627.778836 MiB/s)
    transpose_blocked_parallel n=8000, m=10000:  105ms (5821.687722 MiB/s)

             transpose_blocked n=8400, m=10000:  310ms (2067.246455 MiB/s)
    transpose_blocked_parallel n=8400, m=10000:  149ms (4298.769406 MiB/s)
             transpose_blocked n=8800, m=10000:  328ms (2045.208466 MiB/s)
    transpose_blocked_parallel n=8800, m=10000:  159ms (4225.800418 MiB/s)
             transpose_blocked n=9200, m=10000:  344ms (2040.532171 MiB/s)
    transpose_blocked_parallel n=9200, m=10000:  175ms (4016.068162 MiB/s)
             transpose_blocked n=9600, m=10000:  426ms (1717.566482 MiB/s)
    transpose_blocked_parallel n=9600, m=10000:  198ms (3700.726456 MiB/s)
             transpose_blocked n=10000, m=10000:  379ms (2012.300147 MiB/s)
    transpose_blocked_parallel n=10000, m=10000:  201ms (3794.623706 MiB/s)
             transpose_blocked n=10400, m=10000:  305ms (2605.188435 MiB/s)
    transpose_blocked_parallel n=10400, m=10000:  141ms (5622.529824 MiB/s)
             transpose_blocked n=10800, m=10000:  411ms (2005.306949 MiB/s)
    transpose_blocked_parallel n=10800, m=10000:  198ms (4151.131064 MiB/s)
             transpose_blocked n=11200, m=10000:  424ms (2015.159675 MiB/s)
    transpose_blocked_parallel n=11200, m=10000:  208ms (4099.561914 MiB/s)
             transpose_blocked n=11600, m=10000:  441ms (2008.551035 MiB/s)
    transpose_blocked_parallel n=11600, m=10000:  233ms (3802.241646 MiB/s)
             transpose_blocked n=12000, m=10000:  350ms (2613.731297 MiB/s)
    transpose_blocked_parallel n=12000, m=10000:  180ms (5092.033993 MiB/s)
             transpose_blocked n=12400, m=10000:  359ms (2633.271509 MiB/s)
    transpose_blocked_parallel n=12400, m=10000:  157ms (6016.757858 MiB/s)
             transpose_blocked n=12800, m=10000: 1378ms (708.819943 MiB/s)
    transpose_blocked_parallel n=12800, m=10000:  286ms (3416.417696 MiB/s)
             transpose_blocked n=13200, m=10000:  500ms (2014.260869 MiB/s)
    transpose_blocked_parallel n=13200, m=10000:  245ms (4106.056168 MiB/s)
             transpose_blocked n=13600, m=10000:  398ms (2609.514226 MiB/s)
    transpose_blocked_parallel n=13600, m=10000:  201ms (5170.408891 MiB/s)
             transpose_blocked n=14000, m=10000:  409ms (2610.048174 MiB/s)
    transpose_blocked_parallel n=14000, m=10000:  200ms (5345.039280 MiB/s)
             transpose_blocked n=14400, m=10000:  543ms (2024.961639 MiB/s)
    transpose_blocked_parallel n=14400, m=10000:  272ms (4038.898187 MiB/s)
             transpose_blocked n=14800, m=10000:  437ms (2585.844537 MiB/s)
    transpose_blocked_parallel n=14800, m=10000:  207ms (5463.463494 MiB/s)
             transpose_blocked n=15200, m=10000:  449ms (2580.451861 MiB/s)
    transpose_blocked_parallel n=15200, m=10000:  217ms (5341.384408 MiB/s)
             transpose_blocked n=15600, m=10000:  453ms (2626.193291 MiB/s)
    transpose_blocked_parallel n=15600, m=10000:  219ms (5426.113989 MiB/s)
             transpose_blocked n=16000, m=10000:  550ms (2217.891573 MiB/s)
    transpose_blocked_parallel n=16000, m=10000:  238ms (5137.747533 MiB/s)


