            transpose_parallel n= 500, m=20000:   22ms (3411.309873 MiB/s)
    transpose_blocked_parallel n= 500, m=20000:   19ms (4042.920106 MiB/s)
            transpose_parallel n=1000, m=20000:   34ms (4538.064794 MiB/s)
    transpose_blocked_parallel n=1000, m=20000:   30ms (5039.563070 MiB/s)
            transpose_parallel n=1500, m=20000:   37ms (6249.333404 MiB/s)
    transpose_blocked_parallel n=1500, m=20000:   34ms (6806.085103 MiB/s)
            transpose_parallel n=2000, m=20000:   39ms (7890.164467 MiB/s)
    transpose_blocked_parallel n=2000, m=20000:   39ms (7895.267670 MiB/s)
            transpose_parallel n=2500, m=20000:   41ms (9315.955030 MiB/s)
    transpose_blocked_parallel n=2500, m=20000:   42ms (9105.158644 MiB/s)
            transpose_parallel n=3000, m=20000:   41ms (11060.566648 MiB/s)
    transpose_blocked_parallel n=3000, m=20000:   48ms (9509.206088 MiB/s)
            transpose_parallel n=3500, m=20000:   43ms (12320.520848 MiB/s)
    transpose_blocked_parallel n=3500, m=20000:   46ms (11486.592188 MiB/s)
            transpose_parallel n=4000, m=20000:   53ms (11506.297719 MiB/s)
    transpose_blocked_parallel n=4000, m=20000:   50ms (12140.984295 MiB/s)
            transpose_parallel n=4500, m=20000:   53ms (12989.642795 MiB/s)
    transpose_blocked_parallel n=4500, m=20000:   60ms (11488.129627 MiB/s)
            transpose_parallel n=5000, m=20000:   48ms (15760.281211 MiB/s)
    transpose_blocked_parallel n=5000, m=20000:   59ms (12867.493981 MiB/s)
            transpose_parallel n=5500, m=20000:   60ms (13916.711967 MiB/s)
    transpose_blocked_parallel n=5500, m=20000:   68ms (12354.749123 MiB/s)
            transpose_parallel n=6000, m=20000:   55ms (16507.290465 MiB/s)
    transpose_blocked_parallel n=6000, m=20000:   70ms (13146.006688 MiB/s)
            transpose_parallel n=6500, m=20000:   57ms (17430.647775 MiB/s)
    transpose_blocked_parallel n=6500, m=20000:   86ms (11599.299345 MiB/s)
            transpose_parallel n=7000, m=20000:   63ms (16895.210920 MiB/s)
    transpose_blocked_parallel n=7000, m=20000:   79ms (13513.432704 MiB/s)
            transpose_parallel n=7500, m=20000:   69ms (16489.095437 MiB/s)
    transpose_blocked_parallel n=7500, m=20000:   87ms (13177.302379 MiB/s)
            transpose_parallel n=8000, m=20000:  200ms (6107.729959 MiB/s)
    transpose_blocked_parallel n=8000, m=20000:  101ms (12053.946134 MiB/s)
            transpose_parallel n=8500, m=20000:   67ms (19264.716975 MiB/s)
    transpose_blocked_parallel n=8500, m=20000:  112ms (11581.675287 MiB/s)
            transpose_parallel n=9000, m=20000:   69ms (19762.710870 MiB/s)
    transpose_blocked_parallel n=9000, m=20000:  107ms (12887.732649 MiB/s)
            transpose_parallel n=9500, m=20000:   77ms (18850.749837 MiB/s)
    transpose_blocked_parallel n=9500, m=20000:  103ms (14016.079218 MiB/s)
            transpose_parallel n=10000, m=20000:   80ms (18956.665875 MiB/s)
    transpose_blocked_parallel n=10000, m=20000:  114ms (13357.367762 MiB/s)
            transpose_parallel n=10500, m=20000:   82ms (19555.386935 MiB/s)
    transpose_blocked_parallel n=10500, m=20000:  118ms (13523.413167 MiB/s)
            transpose_parallel n=11000, m=20000:   85ms (19793.240529 MiB/s)
    transpose_blocked_parallel n=11000, m=20000:  111ms (15099.421532 MiB/s)
            transpose_parallel n=11500, m=20000:   90ms (19599.038815 MiB/s)
    transpose_blocked_parallel n=11500, m=20000:  134ms (13137.189996 MiB/s)
            transpose_parallel n=12000, m=20000:  126ms (14515.245606 MiB/s)
    transpose_blocked_parallel n=12000, m=20000:  138ms (13268.896834 MiB/s)
            transpose_parallel n=12500, m=20000:   97ms (19632.017218 MiB/s)
    transpose_blocked_parallel n=12500, m=20000:  138ms (13836.306105 MiB/s)
            transpose_parallel n=13000, m=20000:   90ms (22115.666356 MiB/s)
    transpose_blocked_parallel n=13000, m=20000:  113ms (17599.526024 MiB/s)
            transpose_parallel n=13500, m=20000:  102ms (20255.428066 MiB/s)
    transpose_blocked_parallel n=13500, m=20000:  162ms (12749.025372 MiB/s)
            transpose_parallel n=14000, m=20000:   90ms (23639.235888 MiB/s)
    transpose_blocked_parallel n=14000, m=20000:  154ms (13895.176037 MiB/s)
            transpose_parallel n=14500, m=20000:  104ms (21240.370313 MiB/s)
    transpose_blocked_parallel n=14500, m=20000:  191ms (11572.869904 MiB/s)
            transpose_parallel n=15000, m=20000:   97ms (23694.998285 MiB/s)
    transpose_blocked_parallel n=15000, m=20000:  164ms (13932.931318 MiB/s)
            transpose_parallel n=15500, m=20000:   97ms (24482.297031 MiB/s)
    transpose_blocked_parallel n=15500, m=20000:  191ms (12358.781136 MiB/s)
            transpose_parallel n=16000, m=20000:  450ms (5424.105705 MiB/s)
    transpose_blocked_parallel n=16000, m=20000:  179ms (13649.053782 MiB/s)
            transpose_parallel n=16500, m=20000:  107ms (23466.308093 MiB/s)
    transpose_blocked_parallel n=16500, m=20000:  225ms (11201.029458 MiB/s)
            transpose_parallel n=17000, m=20000:  119ms (21872.341970 MiB/s)
    transpose_blocked_parallel n=17000, m=20000:  202ms (12854.282164 MiB/s)
            transpose_parallel n=17500, m=20000:  108ms (24659.815172 MiB/s)
    transpose_blocked_parallel n=17500, m=20000:  171ms (15588.098784 MiB/s)
            transpose_parallel n=18000, m=20000:  121ms (22632.250560 MiB/s)
    transpose_blocked_parallel n=18000, m=20000:  194ms (14140.364767 MiB/s)
            transpose_parallel n=18500, m=20000:  134ms (21129.943835 MiB/s)
    transpose_blocked_parallel n=18500, m=20000:  195ms (14462.195689 MiB/s)
            transpose_parallel n=19000, m=20000:  120ms (24245.822017 MiB/s)
    transpose_blocked_parallel n=19000, m=20000: slurmstepd: error: *** JOB 108316 ON modi000 CANCELLED AT 2022-01-24T16:59:42 DUE TO TIME LIMIT ***
